<?xml version="1.0" encoding="UTF-8"?>
<!-- Generated by org.testng.reporters.JUnitReportReporter -->
<testsuite hostname="Rameshs-MacBook-Pro.local" name="highlight.Frames" tests="1" failures="0" timestamp="20 Mar 2017 15:05:18 GMT" time="9.584" errors="0">
  <testcase name="window" time="9.584" classname="highlight.Frames"/>
</testsuite> <!-- highlight.Frames -->
