<?xml version="1.0" encoding="UTF-8"?>
<!-- Generated by org.testng.reporters.JUnitReportReporter -->
<testsuite hostname="Rameshs-MacBook-Pro.local" name="toolsQA.Drop_down" tests="1" failures="0" timestamp="9 Mar 2017 17:11:21 GMT" time="16.479" errors="0">
  <testcase name="drop_down" time="16.479" classname="toolsQA.Drop_down"/>
</testsuite> <!-- toolsQA.Drop_down -->
