<?xml version="1.0" encoding="UTF-8"?>
<!-- Generated by org.testng.reporters.JUnitReportReporter -->
<testsuite hostname="Rameshs-MacBook-Pro.local" name="highlight.Wait" tests="1" failures="0" timestamp="20 Mar 2017 14:08:39 GMT" time="5.011" errors="0">
  <testcase name="wait1" time="5.011" classname="highlight.Wait"/>
</testsuite> <!-- highlight.Wait -->
