<?xml version="1.0" encoding="UTF-8"?>
<!-- Generated by org.testng.reporters.JUnitReportReporter -->
<testsuite hostname="Rameshs-MacBook-Pro.local" name="highlight.Take_screenshot" tests="1" failures="0" timestamp="17 Mar 2017 18:03:18 GMT" time="5.304" errors="0">
  <testcase name="TestJavaS1" time="5.304" classname="highlight.Take_screenshot"/>
</testsuite> <!-- highlight.Take_screenshot -->
