<?xml version="1.0" encoding="UTF-8"?>
<!-- Generated by org.testng.reporters.JUnitReportReporter -->
<testsuite hostname="Rameshs-MacBook-Pro.local" name="hotel_app.synchronization_staticWait" tests="1" failures="0" timestamp="27 Mar 2017 14:38:15 GMT" time="18.077" errors="0">
  <testcase name="testMyFirst" time="18.077" classname="hotel_app.synchronization_staticWait"/>
</testsuite> <!-- hotel_app.synchronization_staticWait -->
