<?xml version="1.0" encoding="UTF-8"?>
<!-- Generated by org.testng.reporters.JUnitReportReporter -->
<testsuite hostname="Rameshs-MacBook-Pro.local" name="highlight.Frame1" tests="1" failures="0" timestamp="20 Mar 2017 15:10:01 GMT" time="7.205" errors="0">
  <testcase name="Iframe" time="7.205" classname="highlight.Frame1"/>
</testsuite> <!-- highlight.Frame1 -->
