<?xml version="1.0" encoding="UTF-8"?>
<!-- Generated by org.testng.reporters.JUnitReportReporter -->
<testsuite hostname="Rameshs-MacBook-Pro.local" name="readCSV.ReadCSVfile" tests="1" failures="0" timestamp="21 Mar 2017 01:36:00 GMT" time="0.015" errors="0">
  <testcase name="readFile" time="0.015" classname="readCSV.ReadCSVfile"/>
</testsuite> <!-- readCSV.ReadCSVfile -->
