<?xml version="1.0" encoding="UTF-8"?>
<!-- Generated by org.testng.reporters.JUnitReportReporter -->
<testsuite hostname="Rameshs-MacBook-Pro.local" name="highlight.TakeScreenShot1" tests="1" failures="0" timestamp="18 Mar 2017 16:11:46 GMT" time="5.142" errors="0">
  <testcase name="screenshot" time="5.142" classname="highlight.TakeScreenShot1"/>
</testsuite> <!-- highlight.TakeScreenShot1 -->
