<?xml version="1.0" encoding="UTF-8"?>
<!-- Generated by org.testng.reporters.JUnitReportReporter -->
<testsuite hostname="Rameshs-MacBook-Pro.local" name="toolsQA.TestNG_class2" tests="1" failures="0" timestamp="2 Mar 2017 01:16:31 GMT" time="1.459" errors="0">
  <testcase name="Set_up" time="1.459" classname="toolsQA.TestNG_class2"/>
</testsuite> <!-- toolsQA.TestNG_class2 -->
