<?xml version="1.0" encoding="UTF-8"?>
<!-- Generated by org.testng.reporters.JUnitReportReporter -->
<testsuite hostname="Rameshs-MacBook-Pro.local" name="highlight.Drag" tests="1" failures="0" timestamp="20 Mar 2017 16:14:36 GMT" time="4.724" errors="0">
  <testcase name="DRag" time="4.724" classname="highlight.Drag"/>
</testsuite> <!-- highlight.Drag -->
