<?xml version="1.0" encoding="UTF-8"?>
<!-- Generated by org.testng.reporters.JUnitReportReporter -->
<testsuite hostname="Rameshs-MacBook-Pro.local" name="helper.Verify_errorMessage" tests="1" failures="0" timestamp="19 Mar 2017 23:15:34 GMT" time="4.025" errors="0">
  <testcase name="check" time="4.025" classname="helper.Verify_errorMessage"/>
</testsuite> <!-- helper.Verify_errorMessage -->
