<?xml version="1.0" encoding="UTF-8"?>
<!-- Generated by org.testng.reporters.JUnitReportReporter -->
<testsuite hostname="Rameshs-MacBook-Pro.local" name="toolsQA.Mercury_title_verification" tests="1" failures="0" timestamp="27 Feb 2017 14:02:30 GMT" time="2.064" errors="0">
  <testcase name="Title" time="2.064" classname="toolsQA.Mercury_title_verification"/>
</testsuite> <!-- toolsQA.Mercury_title_verification -->
