<?xml version="1.0" encoding="UTF-8"?>
<!-- Generated by org.testng.reporters.JUnitReportReporter -->
<testsuite hostname="Rameshs-MacBook-Pro.local" name="toolsQA.Annontations" tests="2" failures="0" timestamp="6 Mar 2017 16:52:45 GMT" time="0.008" errors="0">
  <testcase name="testCase1" time="0.006" classname="toolsQA.Annontations"/>
  <testcase name="testCase2" time="0.002" classname="toolsQA.Annontations"/>
</testsuite> <!-- toolsQA.Annontations -->
