<?xml version="1.0" encoding="UTF-8"?>
<!-- Generated by org.testng.reporters.JUnitReportReporter -->
<testsuite hostname="Rameshs-MacBook-Pro.local" name="toolsQA.TestNg_class1" tests="3" failures="0" timestamp="2 Mar 2017 00:51:41 GMT" time="1.703" errors="0">
  <testcase name="verify_title_homePage" time="0.026" classname="toolsQA.TestNg_class1"/>
  <testcase name="support" time="0.791" classname="toolsQA.TestNg_class1"/>
  <testcase name="Register" time="0.886" classname="toolsQA.TestNg_class1"/>
</testsuite> <!-- toolsQA.TestNg_class1 -->
