<?xml version="1.0" encoding="UTF-8"?>
<!-- Generated by org.testng.reporters.JUnitReportReporter -->
<testsuite hostname="Rameshs-MacBook-Pro.local" name="toolsQA.Datadriver_using_parameter" tests="1" failures="0" timestamp="6 Mar 2017 18:38:46 GMT" time="8.026" errors="0">
  <testcase name="test" time="8.026" classname="toolsQA.Datadriver_using_parameter"/>
</testsuite> <!-- toolsQA.Datadriver_using_parameter -->
