<?xml version="1.0" encoding="UTF-8"?>
<!-- Generated by org.testng.reporters.JUnitReportReporter -->
<testsuite hostname="Rameshs-MacBook-Pro.local" name="highlight.Date" tests="1" failures="0" timestamp="17 Mar 2017 17:33:22 GMT" time="5.851" errors="0">
  <testcase name="dynamic" time="5.851" classname="highlight.Date"/>
</testsuite> <!-- highlight.Date -->
