<?xml version="1.0" encoding="UTF-8"?>
<!-- Generated by org.testng.reporters.JUnitReportReporter -->
<testsuite hostname="Rameshs-MacBook-Pro.local" name="toolsQA.Dataprovider_dataDriven" tests="2" failures="0" timestamp="6 Mar 2017 19:03:03 GMT" time="17.072" errors="0">
  <testcase name="test" time="9.350" classname="toolsQA.Dataprovider_dataDriven"/>
  <testcase name="test" time="7.722" classname="toolsQA.Dataprovider_dataDriven"/>
</testsuite> <!-- toolsQA.Dataprovider_dataDriven -->
