<?xml version="1.0" encoding="UTF-8"?>
<!-- Generated by org.testng.reporters.JUnitReportReporter -->
<testsuite hostname="Rameshs-MacBook-Pro.local" name="toolsQA.TestNG_Priority" tests="2" failures="0" timestamp="1 Mar 2017 15:22:34 GMT" time="1.866" errors="0">
  <testcase name="close" time="0.001" classname="toolsQA.TestNG_Priority"/>
  <testcase name="Set_up" time="1.865" classname="toolsQA.TestNG_Priority"/>
</testsuite> <!-- toolsQA.TestNG_Priority -->
