<?xml version="1.0" encoding="UTF-8"?>
<!-- Generated by org.testng.reporters.JUnitReportReporter -->
<testsuite hostname="Rameshs-MacBook-Pro.local" name="toolsQA.TestNG1" tests="1" failures="0" timestamp="6 Mar 2017 17:34:44 GMT" time="5.568" errors="0">
  <testcase name="login" time="5.568" classname="toolsQA.TestNG1"/>
</testsuite> <!-- toolsQA.TestNG1 -->
