<?xml version="1.0" encoding="UTF-8"?>
<!-- Generated by org.testng.reporters.JUnitReportReporter -->
<testsuite hostname="Rameshs-MacBook-Pro.local" name="toolsQA.No_of_broken_links" tests="1" failures="0" timestamp="14 Mar 2017 19:24:09 GMT" time="13.666" errors="0">
  <testcase name="count_links" time="13.666" classname="toolsQA.No_of_broken_links"/>
</testsuite> <!-- toolsQA.No_of_broken_links -->
