<?xml version="1.0" encoding="UTF-8"?>
<!-- Generated by org.testng.reporters.JUnitReportReporter -->
<testsuite hostname="Rameshs-MacBook-Pro.local" name="toolsQA.TestNG_title_verification" tests="1" failures="0" timestamp="1 Mar 2017 16:39:18 GMT" time="0.018" errors="0">
  <testcase name="title_verification" time="0.018" classname="toolsQA.TestNG_title_verification"/>
</testsuite> <!-- toolsQA.TestNG_title_verification -->
