<?xml version="1.0" encoding="UTF-8"?>
<!-- Generated by org.testng.reporters.JUnitReportReporter -->
<testsuite hostname="Rameshs-MacBook-Pro.local" name="highlight.Alert_examples" tests="1" failures="0" timestamp="20 Mar 2017 14:52:33 GMT" time="7.643" errors="0">
  <testcase name="window" time="7.643" classname="highlight.Alert_examples"/>
</testsuite> <!-- highlight.Alert_examples -->
