<?xml version="1.0" encoding="UTF-8"?>
<!-- Generated by org.testng.reporters.JUnitReportReporter -->
<testsuite hostname="Rameshs-MacBook-Pro.local" name="hotel_app.synchronization_WEbDriver_wait" tests="1" failures="0" timestamp="27 Mar 2017 14:43:03 GMT" time="19.327" errors="0">
  <testcase name="testMyFirst" time="19.327" classname="hotel_app.synchronization_WEbDriver_wait"/>
</testsuite> <!-- hotel_app.synchronization_WEbDriver_wait -->
