<?xml version="1.0" encoding="UTF-8"?>
<!-- Generated by org.testng.reporters.JUnitReportReporter -->
<testsuite hostname="Rameshs-MacBook-Pro.local" name="hotel_app.MyFirstWebDriverTest" tests="1" failures="0" timestamp="29 Mar 2017 00:05:17 GMT" time="11.529" errors="0">
  <testcase name="testMyFirst" time="11.529" classname="hotel_app.MyFirstWebDriverTest"/>
</testsuite> <!-- hotel_app.MyFirstWebDriverTest -->
