<?xml version="1.0" encoding="UTF-8"?>
<!-- Generated by org.testng.reporters.JUnitReportReporter -->
<testsuite hostname="Rameshs-MacBook-Pro.local" name="helper.Date" tests="1" failures="0" timestamp="19 Mar 2017 17:08:59 GMT" time="9.897" errors="0">
  <testcase name="date" time="9.897" classname="helper.Date"/>
</testsuite> <!-- helper.Date -->
