<?xml version="1.0" encoding="UTF-8"?>
<!-- Generated by org.testng.reporters.JUnitReportReporter -->
<testsuite hostname="Rameshs-MacBook-Pro.local" name="toolsQA.Drop_down_2" tests="1" failures="0" timestamp="9 Mar 2017 17:22:51 GMT" time="4.487" errors="0">
  <testcase name="drop_down" time="4.487" classname="toolsQA.Drop_down_2"/>
</testsuite> <!-- toolsQA.Drop_down_2 -->
