<?xml version="1.0" encoding="UTF-8"?>
<!-- Generated by org.testng.reporters.JUnitReportReporter -->
<testsuite hostname="Rameshs-MacBook-Pro.local" name="failed_tc.Tc1" tests="1" failures="0" timestamp="21 Mar 2017 14:42:36 GMT" time="0.010" errors="0">
  <testcase name="tc" time="0.010" classname="failed_tc.Tc1"/>
</testsuite> <!-- failed_tc.Tc1 -->
