<?xml version="1.0" encoding="UTF-8"?>
<!-- Generated by org.testng.reporters.JUnitReportReporter -->
<testsuite hostname="Rameshs-MacBook-Pro.local" name="pageObject.TestCase_for_login" tests="1" failures="0" timestamp="9 Mar 2017 00:28:23 GMT" time="5.431" errors="0">
  <testcase name="VerifyLogin" time="5.431" classname="pageObject.TestCase_for_login"/>
</testsuite> <!-- pageObject.TestCase_for_login -->
