<?xml version="1.0" encoding="UTF-8"?>
<!-- Generated by org.testng.reporters.JUnitReportReporter -->
<testsuite hostname="Rameshs-MacBook-Pro.local" name="toolsQA.Broken_link" tests="1" failures="0" timestamp="14 Mar 2017 15:11:03 GMT" time="9.068" errors="0">
  <testcase name="broken_links" time="9.068" classname="toolsQA.Broken_link"/>
</testsuite> <!-- toolsQA.Broken_link -->
