<?xml version="1.0" encoding="UTF-8"?>
<!-- Generated by org.testng.reporters.JUnitReportReporter -->
<testsuite hostname="Rameshs-MacBook-Pro.local" name="pageObject.TestCase_for_loginNew" tests="1" failures="0" timestamp="9 Mar 2017 15:22:23 GMT" time="5.987" errors="0">
  <testcase name="loginNew" time="5.987" classname="pageObject.TestCase_for_loginNew"/>
</testsuite> <!-- pageObject.TestCase_for_loginNew -->
