<?xml version="1.0" encoding="UTF-8"?>
<!-- Generated by org.testng.reporters.JUnitReportReporter -->
<testsuite hostname="Rameshs-MacBook-Pro.local" name="hotel_app.MyTestNGTest" tests="1" failures="0" timestamp="29 Mar 2017 00:05:17 GMT" time="12.253" errors="0">
  <testcase name="testMyFirst" time="12.253" classname="hotel_app.MyTestNGTest"/>
</testsuite> <!-- hotel_app.MyTestNGTest -->
