<?xml version="1.0" encoding="UTF-8"?>
<!-- Generated by org.testng.reporters.JUnitReportReporter -->
<testsuite hostname="Rameshs-MacBook-Pro.local" name="toolsQA.CrossBrowser" tests="2" failures="0" timestamp="6 Mar 2017 21:11:39 GMT" time="12.047" errors="0">
  <testcase name="login" time="7.004" classname="toolsQA.CrossBrowser"/>
  <testcase name="login" time="5.043" classname="toolsQA.CrossBrowser"/>
</testsuite> <!-- toolsQA.CrossBrowser -->
