<?xml version="1.0" encoding="UTF-8"?>
<!-- Generated by org.testng.reporters.JUnitReportReporter -->
<testsuite hostname="Rameshs-MacBook-Pro.local" name="toolsQA.Javascript1" tests="1" failures="0" timestamp="7 Mar 2017 15:03:49 GMT" time="3.342" errors="0">
  <testcase name="login" time="3.342" classname="toolsQA.Javascript1"/>
</testsuite> <!-- toolsQA.Javascript1 -->
