<?xml version="1.0" encoding="UTF-8"?>
<!-- Generated by org.testng.reporters.JUnitReportReporter -->
<testsuite hostname="Rameshs-MacBook-Pro.local" name="toolsQA.Javascript_mouse_over" tests="1" failures="0" timestamp="7 Mar 2017 15:31:21 GMT" time="4.341" errors="0">
  <testcase name="mouse_over" time="4.341" classname="toolsQA.Javascript_mouse_over"/>
</testsuite> <!-- toolsQA.Javascript_mouse_over -->
