<?xml version="1.0" encoding="UTF-8"?>
<!-- Generated by org.testng.reporters.JUnitReportReporter -->
<testsuite hostname="Rameshs-MacBook-Pro.local" name="highlight.Highlight" tests="1" failures="0" timestamp="15 Mar 2017 17:12:33 GMT" time="5.141" errors="0">
  <testcase name="login" time="5.141" classname="highlight.Highlight"/>
</testsuite> <!-- highlight.Highlight -->
