<?xml version="1.0" encoding="UTF-8"?>
<!-- Generated by org.testng.reporters.JUnitReportReporter -->
<testsuite hostname="Rameshs-MacBook-Pro.local" name="hotel_app.PopDialogTest" tests="1" failures="0" timestamp="27 Mar 2017 14:55:46 GMT" time="15.916" errors="0">
  <testcase name="testMyFirst" time="15.916" classname="hotel_app.PopDialogTest"/>
</testsuite> <!-- hotel_app.PopDialogTest -->
