<?xml version="1.0" encoding="UTF-8"?>
<!-- Generated by org.testng.reporters.JUnitReportReporter -->
<testsuite hostname="Rameshs-MacBook-Pro.local" name="highlight.Mouse" tests="1" failures="0" timestamp="20 Mar 2017 16:21:27 GMT" time="4.173" errors="0">
  <testcase name="window" time="4.173" classname="highlight.Mouse"/>
</testsuite> <!-- highlight.Mouse -->
