<?xml version="1.0" encoding="UTF-8"?>
<!-- Generated by org.testng.reporters.JUnitReportReporter -->
<testsuite hostname="Rameshs-MacBook-Pro.local" name="toolsQA.Class2" tests="3" failures="0" timestamp="16 Mar 2017 01:10:38 GMT" time="0.009" errors="0">
  <testcase name="addProduct" time="0.002" classname="toolsQA.Class2"/>
  <testcase name="addCurrency" time="0.001" classname="toolsQA.Class2"/>
  <testcase name="addVendor" time="0.006" classname="toolsQA.Class2"/>
</testsuite> <!-- toolsQA.Class2 -->
