<?xml version="1.0" encoding="UTF-8"?>
<!-- Generated by org.testng.reporters.JUnitReportReporter -->
<testsuite hostname="Rameshs-MacBook-Pro.local" name="highlight.Wh" tests="1" failures="0" timestamp="20 Mar 2017 14:43:01 GMT" time="8.626" errors="0">
  <testcase name="window" time="8.626" classname="highlight.Wh"/>
</testsuite> <!-- highlight.Wh -->
