<?xml version="1.0" encoding="UTF-8"?>
<!-- Generated by org.testng.reporters.JUnitReportReporter -->
<testsuite hostname="Rameshs-MacBook-Pro.local" name="toolsQA.Groups" tests="5" failures="0" timestamp="6 Mar 2017 18:11:04 GMT" time="0.014" errors="0">
  <testcase name="login" time="0.010" classname="toolsQA.Groups"/>
  <testcase name="prepaidRecharge" time="0.001" classname="toolsQA.Groups"/>
  <testcase name="logout" time="0.001" classname="toolsQA.Groups"/>
  <testcase name="search" time="0.001" classname="toolsQA.Groups"/>
  <testcase name="billPayment" time="0.001" classname="toolsQA.Groups"/>
</testsuite> <!-- toolsQA.Groups -->
