<?xml version="1.0" encoding="UTF-8"?>
<!-- Generated by org.testng.reporters.JUnitReportReporter -->
<testsuite hostname="Rameshs-MacBook-Pro.local" name="highlight.Wait2" tests="1" failures="0" timestamp="20 Mar 2017 14:29:42 GMT" time="8.753" errors="0">
  <testcase name="sync" time="8.753" classname="highlight.Wait2"/>
</testsuite> <!-- highlight.Wait2 -->
