<?xml version="1.0" encoding="UTF-8"?>
<!-- Generated by org.testng.reporters.JUnitReportReporter -->
<testsuite hostname="Rameshs-MacBook-Pro.local" name="hotel_app.VerificationPointTest" tests="1" failures="0" timestamp="24 Mar 2017 20:21:31 GMT" time="12.936" errors="0">
  <testcase name="testMyFirst" time="12.936" classname="hotel_app.VerificationPointTest"/>
</testsuite> <!-- hotel_app.VerificationPointTest -->
