<?xml version="1.0" encoding="UTF-8"?>
<!-- Generated by org.testng.reporters.JUnitReportReporter -->
<testsuite hostname="Rameshs-MacBook-Pro.local" name="headless.PhantomJS" tests="1" failures="0" timestamp="21 Mar 2017 13:16:45 GMT" time="4.930" errors="0">
  <testcase name="verifyFacebook" time="4.930" classname="headless.PhantomJS"/>
</testsuite> <!-- headless.PhantomJS -->
