<?xml version="1.0" encoding="UTF-8"?>
<!-- Generated by org.testng.reporters.JUnitReportReporter -->
<testsuite hostname="Rameshs-MacBook-Pro.local" name="toolsQA.Date_time" tests="1" failures="0" timestamp="7 Mar 2017 16:38:50 GMT" time="3.410" errors="0">
  <testcase name="date" time="3.410" classname="toolsQA.Date_time"/>
</testsuite> <!-- toolsQA.Date_time -->
